<?xml version="1.0" encoding="utf-8"?>
<shfbBuild product="Sandcastle Help File Builder and Tools" version="2022.8.14.1" projectFile="D:\DevelopmentNew\DotNet\NibblePoker.Library.Arguments\NibblePoker.Library.Arguments.Documentation\SandcastleProject.shfbproj" started="02/10/2022 15:28:38">
<buildStep step="Initializing">
The Sandcastle tools are located in &#39;C:\Program Files (x86)\EWSoftware\Sandcastle Help File Builder&#39;
Locating components in the following folder(s):
    D:\DevelopmentNew\DotNet\NibblePoker.Library.Arguments\NibblePoker.Library.Arguments.Documentation
    C:\ProgramData\EWSoftware\Sandcastle Help File Builder\Components and Plug-Ins
    C:\Program Files (x86)\EWSoftware\Sandcastle Help File Builder\Components
Using framework reflection data for &#39;Cross-platform (.NET Core/.NET Standard)&#39; located in &#39;C:\Program Files (x86)\EWSoftware\Sandcastle Help File Builder\Data\.NETFramework&#39;
Using presentation style &#39;Default2022&#39; located in &#39;C:\Program Files (x86)\EWSoftware\Sandcastle Help File Builder\Components\Default2022&#39;
Loading and initializing plug-ins...
Website Table of Contents Generator Version 2022.8.14.1
Copyright &#169; 2006-2022, Eric Woodruff, All Rights Reserved
-------------------------------
Clearing any prior web/markdown output...
</buildStep>
<buildStep step="ValidatingDocumentationSources">
Validating and copying documentation source information
Source: D:\DevelopmentNew\DotNet\NibblePoker.Library.Arguments\NibblePoker.Library.Arguments\NibblePoker.Library.Arguments.csproj
    Found project &#39;D:\DevelopmentNew\DotNet\NibblePoker.Library.Arguments\NibblePoker.Library.Arguments\NibblePoker.Library.Arguments.csproj&#39;

Parsing project files
    Found assembly &#39;D:\DevelopmentNew\DotNet\NibblePoker.Library.Arguments\NibblePoker.Library.Arguments\bin\Debug\net6.0\NibblePoker.Library.Arguments.dll&#39; (.NETCoreApp 6.0)
SHFB: Warning BE0007: A project with a different or higher framework version was found.  Changing project FrameworkVersion property from &#39;Cross-platform (.NET Core/.NET Standard)&#39; to &#39;.NET Core/.NET Standard/.NET 5.0+&#39; for the build.

References to include:
    Microsoft.CSharp
    Microsoft.VisualBasic
    Microsoft.VisualBasic.Core
    Microsoft.Win32.Primitives
    Microsoft.Win32.Registry
    mscorlib
    netstandard
    System
    System.AppContext
    System.Buffers
    System.Collections
    System.Collections.Concurrent
    System.Collections.Immutable
    System.Collections.NonGeneric
    System.Collections.Specialized
    System.ComponentModel
    System.ComponentModel.Annotations
    System.ComponentModel.DataAnnotations
    System.ComponentModel.EventBasedAsync
    System.ComponentModel.Primitives
    System.ComponentModel.TypeConverter
    System.Configuration
    System.Console
    System.Core
    System.Data
    System.Data.Common
    System.Data.DataSetExtensions
    System.Diagnostics.Contracts
    System.Diagnostics.Debug
    System.Diagnostics.DiagnosticSource
    System.Diagnostics.FileVersionInfo
    System.Diagnostics.Process
    System.Diagnostics.StackTrace
    System.Diagnostics.TextWriterTraceListener
    System.Diagnostics.Tools
    System.Diagnostics.TraceSource
    System.Diagnostics.Tracing
    System.Drawing
    System.Drawing.Primitives
    System.Dynamic.Runtime
    System.Formats.Asn1
    System.Globalization
    System.Globalization.Calendars
    System.Globalization.Extensions
    System.IO
    System.IO.Compression
    System.IO.Compression.Brotli
    System.IO.Compression.FileSystem
    System.IO.Compression.ZipFile
    System.IO.FileSystem
    System.IO.FileSystem.AccessControl
    System.IO.FileSystem.DriveInfo
    System.IO.FileSystem.Primitives
    System.IO.FileSystem.Watcher
    System.IO.IsolatedStorage
    System.IO.MemoryMappedFiles
    System.IO.Pipes
    System.IO.Pipes.AccessControl
    System.IO.UnmanagedMemoryStream
    System.Linq
    System.Linq.Expressions
    System.Linq.Parallel
    System.Linq.Queryable
    System.Memory
    System.Net
    System.Net.Http
    System.Net.Http.Json
    System.Net.HttpListener
    System.Net.Mail
    System.Net.NameResolution
    System.Net.NetworkInformation
    System.Net.Ping
    System.Net.Primitives
    System.Net.Requests
    System.Net.Security
    System.Net.ServicePoint
    System.Net.Sockets
    System.Net.WebClient
    System.Net.WebHeaderCollection
    System.Net.WebProxy
    System.Net.WebSockets
    System.Net.WebSockets.Client
    System.Numerics
    System.Numerics.Vectors
    System.ObjectModel
    System.Reflection
    System.Reflection.DispatchProxy
    System.Reflection.Emit
    System.Reflection.Emit.ILGeneration
    System.Reflection.Emit.Lightweight
    System.Reflection.Extensions
    System.Reflection.Metadata
    System.Reflection.Primitives
    System.Reflection.TypeExtensions
    System.Resources.Reader
    System.Resources.ResourceManager
    System.Resources.Writer
    System.Runtime
    System.Runtime.CompilerServices.Unsafe
    System.Runtime.CompilerServices.VisualC
    System.Runtime.Extensions
    System.Runtime.Handles
    System.Runtime.InteropServices
    System.Runtime.InteropServices.RuntimeInformation
    System.Runtime.Intrinsics
    System.Runtime.Loader
    System.Runtime.Numerics
    System.Runtime.Serialization
    System.Runtime.Serialization.Formatters
    System.Runtime.Serialization.Json
    System.Runtime.Serialization.Primitives
    System.Runtime.Serialization.Xml
    System.Security
    System.Security.AccessControl
    System.Security.Claims
    System.Security.Cryptography.Algorithms
    System.Security.Cryptography.Cng
    System.Security.Cryptography.Csp
    System.Security.Cryptography.Encoding
    System.Security.Cryptography.OpenSsl
    System.Security.Cryptography.Primitives
    System.Security.Cryptography.X509Certificates
    System.Security.Principal
    System.Security.Principal.Windows
    System.Security.SecureString
    System.ServiceModel.Web
    System.ServiceProcess
    System.Text.Encoding
    System.Text.Encoding.CodePages
    System.Text.Encoding.Extensions
    System.Text.Encodings.Web
    System.Text.Json
    System.Text.RegularExpressions
    System.Threading
    System.Threading.Channels
    System.Threading.Overlapped
    System.Threading.Tasks
    System.Threading.Tasks.Dataflow
    System.Threading.Tasks.Extensions
    System.Threading.Tasks.Parallel
    System.Threading.Thread
    System.Threading.ThreadPool
    System.Threading.Timer
    System.Transactions
    System.Transactions.Local
    System.ValueTuple
    System.Web
    System.Web.HttpUtility
    System.Windows
    System.Xml
    System.Xml.Linq
    System.Xml.ReaderWriter
    System.Xml.Serialization
    System.Xml.XDocument
    System.Xml.XmlDocument
    System.Xml.XmlSerializer
    System.Xml.XPath
    System.Xml.XPath.XDocument
    WindowsBase

Copying XML comments files
    D:\DevelopmentNew\DotNet\NibblePoker.Library.Arguments\NibblePoker.Library.Arguments\bin\Debug\net6.0\NibblePoker.Library.Arguments.xml -&gt; D:\DevelopmentNew\DotNet\NibblePoker.Library.Arguments\NibblePoker.Library.Arguments.Documentation\Help\Working\NibblePoker.Library.Arguments.xml
</buildStep>
<buildStep step="GenerateSharedContent">
Generating shared content files (en-US, English (United States))...
    Last step completed in 00:00:00,0020
</buildStep>
<buildStep step="GenerateApiFilter">
Generating API filter for MRefBuilder...
    Last step completed in 00:00:00,0060
</buildStep>
<buildStep step="GenerateReflectionInfo">
Generating reflection information...
[D:\Program Files\Microsoft Visual Studio\2022\Community\MSBuild\Current\Bin\amd64\MSBuild.exe - GenerateRefInfo-dad00a43-7abf-458d-a833-21421c4b6ed5.proj]
Build started 02/10/2022 15:28:39.
Project &quot;D:\DevelopmentNew\DotNet\NibblePoker.Library.Arguments\NibblePoker.Library.Arguments.Documentation\Help\Working\GenerateRefInfo-dad00a43-7abf-458d-a833-21421c4b6ed5.proj&quot; on node 1 (default targets).
PrepareForBuild:
  Creating directory &quot;obj\Debug\&quot;.
GenerateBindingRedirects:
  No suggested binding redirects from ResolveAssemblyReferences.
GenerateRefInfo:
  Microsoft.Build (v17.2.1+52cd2da314670cc504a877e251a0728124e7cf07)
  &#184; Microsoft Corporation. All rights reserved.
  No source code context base path specified.  Source context information is unavailable.
  Loaded 1 assemblies for reflection and 163 dependency assemblies.
  Wrote information on 1 namespaces, 24 types, and 70 members
  Merging duplicate type and member information
  Merged 0 duplicate type(s) and 0 duplicate member(s)
Done Building Project &quot;D:\DevelopmentNew\DotNet\NibblePoker.Library.Arguments\NibblePoker.Library.Arguments.Documentation\Help\Working\GenerateRefInfo-dad00a43-7abf-458d-a833-21421c4b6ed5.proj&quot; (default targets).
    Last step completed in 00:00:00,8960
</buildStep>
<buildStep step="ApplyDocumentModel">
Applying document model to reflection output...
    Last step completed in 00:00:00,0320
</buildStep>
<buildStep step="AddApiTopicFilenames">
Adding topic filenames to API members...
    Last step completed in 00:00:00,0550
</buildStep>
<buildStep step="GenerateApiTopicManifest">
Generating API topic manifest...
    Last step completed in 00:00:00,0420
</buildStep>
<buildStep step="GenerateNamespaceSummaries">
Generating namespace summary information...
    Last step completed in 00:00:02,0465
</buildStep>
<buildStep step="CopyAdditionalContent">
Copying additional content files...
No additional content to copy
    Last step completed in 00:00:00,0000
</buildStep>
<buildStep step="MergeTablesOfContents">
Merging conceptual and additional tables of contents...
    Last step completed in 00:00:00,0000
</buildStep>
<buildStep step="GenerateIntermediateTableOfContents">
Generating intermediate table of contents file for API content...
Generating conceptual content intermediate TOC file...
    Last step completed in 00:00:00,0190
</buildStep>
<buildStep step="CreateBuildAssemblerConfigs">
Creating Sandcastle configuration files...
    Last step completed in 00:00:00,4750
</buildStep>
<buildStep step="CombiningIntermediateTocFiles">
Combining conceptual and API intermediate TOC files...
    Last step completed in 00:00:00,0000
</buildStep>
<buildStep step="MergeCustomConfigs">
Merging custom build component configurations
D:\DevelopmentNew\DotNet\NibblePoker.Library.Arguments\NibblePoker.Library.Arguments.Documentation\Help\Working\BuildAssembler.config
  Updating reference topic configurations.
  No conceptual content.  Removing conceptual content components.
    Last step completed in 00:00:00,0110
</buildStep>
<buildStep step="BuildTopics">
Building help topics...
<plugIn name="Website Table of Contents Generator" behavior="Before" priority="1000">
Loading TOC info and adding unique IDs to parent nodes
</plugIn>Loading configuration...
Processing topics...
SHFB: Warning BE0066: ShowMissingComponent: [N:NibblePoker.Library.Arguments] Missing &lt;summary&gt; documentation
SHFB: Warning BE0066: ShowMissingComponent: [M:NibblePoker.Library.Arguments.HelpText.GetOptionsDetails(NibblePoker.Library.Arguments.Verb,System.UInt32,System.UInt32,System.UInt32)] Missing &lt;returns&gt; documentation
SHFB: Warning BE0066: ShowMissingComponent: [M:NibblePoker.Library.Arguments.HelpText.GetOptionUsagePart(NibblePoker.Library.Arguments.Option)] Missing &lt;summary&gt; documentation
SHFB: Warning BE0066: ShowMissingComponent: [M:NibblePoker.Library.Arguments.HelpText.GetOptionUsagePart(NibblePoker.Library.Arguments.Option)] Missing &lt;returns&gt; documentation
SHFB: Warning BE0066: ShowMissingComponent: [M:NibblePoker.Library.Arguments.HelpText.GetOptionUsagePart(NibblePoker.Library.Arguments.Option)] Missing &lt;param name=&quot;option&quot;/&gt; documentation
SHFB: Warning BE0066: ShowMissingComponent: [M:NibblePoker.Library.Arguments.HelpText.GetUsageString(NibblePoker.Library.Arguments.Verb,System.String,System.UInt32,System.Boolean)] Missing &lt;returns&gt; documentation
SHFB: Warning BE0066: ShowMissingComponent: [M:NibblePoker.Library.Arguments.HelpText.GetVerbsDetails(NibblePoker.Library.Arguments.Verb,System.UInt32,System.UInt32,System.UInt32)] Missing &lt;returns&gt; documentation
SHFB: Warning BE0066: ShowMissingComponent: [M:NibblePoker.Library.Arguments.HelpText.SplitToMultiline(System.String,System.Int32,System.String)] Missing &lt;summary&gt; documentation
SHFB: Warning BE0066: ShowMissingComponent: [M:NibblePoker.Library.Arguments.HelpText.SplitToMultiline(System.String,System.Int32,System.String)] Missing &lt;returns&gt; documentation
SHFB: Warning BE0066: ShowMissingComponent: [M:NibblePoker.Library.Arguments.HelpText.SplitToMultiline(System.String,System.Int32,System.String)] Missing &lt;param name=&quot;inputText&quot;/&gt; documentation
SHFB: Warning BE0066: ShowMissingComponent: [M:NibblePoker.Library.Arguments.HelpText.SplitToMultiline(System.String,System.Int32,System.String)] Missing &lt;param name=&quot;maxLineLength&quot;/&gt; documentation
SHFB: Warning BE0066: ShowMissingComponent: [M:NibblePoker.Library.Arguments.HelpText.SplitToMultiline(System.String,System.Int32,System.String)] Missing &lt;param name=&quot;sequentialPrefix&quot;/&gt; documentation
SHFB: Warning BE0066: ShowMissingComponent: [M:NibblePoker.Library.Arguments.Verb.GetRelevantDefaultOption] Missing &lt;returns&gt; documentation
Processed 146 topic(s)
13 warning(s)
CopyFromIndexComponent: &quot;reflection&quot; in-memory cache entries used: 3 of 15.
CopyFromIndexComponent: &quot;comments&quot; in-memory cache entries used: 2 of 30.
ResolveReferenceLinksComponent: 30 entries added to the member ID URL cache.  New cache size: 30 entries
<plugIn name="Website Table of Contents Generator" behavior="After" priority="1000">
Generating TOC fragment files
</plugIn>    Last step completed in 00:00:06,8438
</buildStep>
<buildStep step="CopyStandardHelpContent">
Copying standard help content...
C:\Program Files (x86)\EWSoftware\Sandcastle Help File Builder\Components\Default2022\css\bulma.css -&gt; D:\DevelopmentNew\DotNet\NibblePoker.Library.Arguments\NibblePoker.Library.Arguments.Documentation\Help\Working\Output\Website\css\bulma.css
C:\Program Files (x86)\EWSoftware\Sandcastle Help File Builder\Components\Default2022\css\bulma.css.map -&gt; D:\DevelopmentNew\DotNet\NibblePoker.Library.Arguments\NibblePoker.Library.Arguments.Documentation\Help\Working\Output\Website\css\bulma.css.map
C:\Program Files (x86)\EWSoftware\Sandcastle Help File Builder\Components\Default2022\css\bulma.min.css -&gt; D:\DevelopmentNew\DotNet\NibblePoker.Library.Arguments\NibblePoker.Library.Arguments.Documentation\Help\Working\Output\Website\css\bulma.min.css
C:\Program Files (x86)\EWSoftware\Sandcastle Help File Builder\Components\Default2022\css\font-awesome.css -&gt; D:\DevelopmentNew\DotNet\NibblePoker.Library.Arguments\NibblePoker.Library.Arguments.Documentation\Help\Working\Output\Website\css\font-awesome.css
C:\Program Files (x86)\EWSoftware\Sandcastle Help File Builder\Components\Default2022\css\font-awesome.min.css -&gt; D:\DevelopmentNew\DotNet\NibblePoker.Library.Arguments\NibblePoker.Library.Arguments.Documentation\Help\Working\Output\Website\css\font-awesome.min.css
C:\Program Files (x86)\EWSoftware\Sandcastle Help File Builder\Components\Default2022\css\ja-JP.css -&gt; D:\DevelopmentNew\DotNet\NibblePoker.Library.Arguments\NibblePoker.Library.Arguments.Documentation\Help\Working\Output\Website\css\ja-JP.css
C:\Program Files (x86)\EWSoftware\Sandcastle Help File Builder\Components\Default2022\css\ko-KR.css -&gt; D:\DevelopmentNew\DotNet\NibblePoker.Library.Arguments\NibblePoker.Library.Arguments.Documentation\Help\Working\Output\Website\css\ko-KR.css
C:\Program Files (x86)\EWSoftware\Sandcastle Help File Builder\Components\Default2022\css\presentationStyle.css -&gt; D:\DevelopmentNew\DotNet\NibblePoker.Library.Arguments\NibblePoker.Library.Arguments.Documentation\Help\Working\Output\Website\css\presentationStyle.css
C:\Program Files (x86)\EWSoftware\Sandcastle Help File Builder\Components\Default2022\css\vs.min.css -&gt; D:\DevelopmentNew\DotNet\NibblePoker.Library.Arguments\NibblePoker.Library.Arguments.Documentation\Help\Working\Output\Website\css\vs.min.css
C:\Program Files (x86)\EWSoftware\Sandcastle Help File Builder\Components\Default2022\css\zh-CN.css -&gt; D:\DevelopmentNew\DotNet\NibblePoker.Library.Arguments\NibblePoker.Library.Arguments.Documentation\Help\Working\Output\Website\css\zh-CN.css
C:\Program Files (x86)\EWSoftware\Sandcastle Help File Builder\Components\Default2022\css\zh-TW.css -&gt; D:\DevelopmentNew\DotNet\NibblePoker.Library.Arguments\NibblePoker.Library.Arguments.Documentation\Help\Working\Output\Website\css\zh-TW.css
C:\Program Files (x86)\EWSoftware\Sandcastle Help File Builder\Components\Default2022\icons\favicon.ico -&gt; D:\DevelopmentNew\DotNet\NibblePoker.Library.Arguments\NibblePoker.Library.Arguments.Documentation\Help\Working\Output\Website\icons\favicon.ico
C:\Program Files (x86)\EWSoftware\Sandcastle Help File Builder\Components\Default2022\scripts\clipboard.min.js -&gt; D:\DevelopmentNew\DotNet\NibblePoker.Library.Arguments\NibblePoker.Library.Arguments.Documentation\Help\Working\Output\Website\scripts\clipboard.min.js
C:\Program Files (x86)\EWSoftware\Sandcastle Help File Builder\Components\Default2022\scripts\highlight.min.js -&gt; D:\DevelopmentNew\DotNet\NibblePoker.Library.Arguments\NibblePoker.Library.Arguments.Documentation\Help\Working\Output\Website\scripts\highlight.min.js
C:\Program Files (x86)\EWSoftware\Sandcastle Help File Builder\Components\Default2022\scripts\jquery-3.5.1.min.js -&gt; D:\DevelopmentNew\DotNet\NibblePoker.Library.Arguments\NibblePoker.Library.Arguments.Documentation\Help\Working\Output\Website\scripts\jquery-3.5.1.min.js
C:\Program Files (x86)\EWSoftware\Sandcastle Help File Builder\Components\Default2022\scripts\presentationStyle.js -&gt; D:\DevelopmentNew\DotNet\NibblePoker.Library.Arguments\NibblePoker.Library.Arguments.Documentation\Help\Working\Output\Website\scripts\presentationStyle.js
C:\Program Files (x86)\EWSoftware\Sandcastle Help File Builder\Components\Default2022\webfonts\fa-brands-400.ttf -&gt; D:\DevelopmentNew\DotNet\NibblePoker.Library.Arguments\NibblePoker.Library.Arguments.Documentation\Help\Working\Output\Website\webfonts\fa-brands-400.ttf
C:\Program Files (x86)\EWSoftware\Sandcastle Help File Builder\Components\Default2022\webfonts\fa-brands-400.woff2 -&gt; D:\DevelopmentNew\DotNet\NibblePoker.Library.Arguments\NibblePoker.Library.Arguments.Documentation\Help\Working\Output\Website\webfonts\fa-brands-400.woff2
C:\Program Files (x86)\EWSoftware\Sandcastle Help File Builder\Components\Default2022\webfonts\fa-regular-400.ttf -&gt; D:\DevelopmentNew\DotNet\NibblePoker.Library.Arguments\NibblePoker.Library.Arguments.Documentation\Help\Working\Output\Website\webfonts\fa-regular-400.ttf
C:\Program Files (x86)\EWSoftware\Sandcastle Help File Builder\Components\Default2022\webfonts\fa-regular-400.woff2 -&gt; D:\DevelopmentNew\DotNet\NibblePoker.Library.Arguments\NibblePoker.Library.Arguments.Documentation\Help\Working\Output\Website\webfonts\fa-regular-400.woff2
C:\Program Files (x86)\EWSoftware\Sandcastle Help File Builder\Components\Default2022\webfonts\fa-solid-900.ttf -&gt; D:\DevelopmentNew\DotNet\NibblePoker.Library.Arguments\NibblePoker.Library.Arguments.Documentation\Help\Working\Output\Website\webfonts\fa-solid-900.ttf
C:\Program Files (x86)\EWSoftware\Sandcastle Help File Builder\Components\Default2022\webfonts\fa-solid-900.woff2 -&gt; D:\DevelopmentNew\DotNet\NibblePoker.Library.Arguments\NibblePoker.Library.Arguments.Documentation\Help\Working\Output\Website\webfonts\fa-solid-900.woff2
C:\Program Files (x86)\EWSoftware\Sandcastle Help File Builder\Components\Default2022\webfonts\fa-v4compatibility.ttf -&gt; D:\DevelopmentNew\DotNet\NibblePoker.Library.Arguments\NibblePoker.Library.Arguments.Documentation\Help\Working\Output\Website\webfonts\fa-v4compatibility.ttf
C:\Program Files (x86)\EWSoftware\Sandcastle Help File Builder\Components\Default2022\webfonts\fa-v4compatibility.woff2 -&gt; D:\DevelopmentNew\DotNet\NibblePoker.Library.Arguments\NibblePoker.Library.Arguments.Documentation\Help\Working\Output\Website\webfonts\fa-v4compatibility.woff2
C:\Program Files (x86)\EWSoftware\Sandcastle Help File Builder\Components\Default2022\RootWebsiteContent\GeneralError.html -&gt; D:\DevelopmentNew\DotNet\NibblePoker.Library.Arguments\NibblePoker.Library.Arguments.Documentation\Help\Working\Output\Website\GeneralError.html
C:\Program Files (x86)\EWSoftware\Sandcastle Help File Builder\Components\Default2022\RootWebsiteContent\index.html -&gt; D:\DevelopmentNew\DotNet\NibblePoker.Library.Arguments\NibblePoker.Library.Arguments.Documentation\Help\Working\Output\Website\index.html
C:\Program Files (x86)\EWSoftware\Sandcastle Help File Builder\Components\Default2022\RootWebsiteContent\PageNotFound.html -&gt; D:\DevelopmentNew\DotNet\NibblePoker.Library.Arguments\NibblePoker.Library.Arguments.Documentation\Help\Working\Output\Website\PageNotFound.html
C:\Program Files (x86)\EWSoftware\Sandcastle Help File Builder\Components\Default2022\RootWebsiteContent\search.html -&gt; D:\DevelopmentNew\DotNet\NibblePoker.Library.Arguments\NibblePoker.Library.Arguments.Documentation\Help\Working\Output\Website\search.html
C:\Program Files (x86)\EWSoftware\Sandcastle Help File Builder\Components\Default2022\RootWebsiteContent\SearchHelp.aspx -&gt; D:\DevelopmentNew\DotNet\NibblePoker.Library.Arguments\NibblePoker.Library.Arguments.Documentation\Help\Working\Output\Website\SearchHelp.aspx
C:\Program Files (x86)\EWSoftware\Sandcastle Help File Builder\Components\Default2022\RootWebsiteContent\SearchHelp.inc.php -&gt; D:\DevelopmentNew\DotNet\NibblePoker.Library.Arguments\NibblePoker.Library.Arguments.Documentation\Help\Working\Output\Website\SearchHelp.inc.php
C:\Program Files (x86)\EWSoftware\Sandcastle Help File Builder\Components\Default2022\RootWebsiteContent\SearchHelp.php -&gt; D:\DevelopmentNew\DotNet\NibblePoker.Library.Arguments\NibblePoker.Library.Arguments.Documentation\Help\Working\Output\Website\SearchHelp.php
C:\Program Files (x86)\EWSoftware\Sandcastle Help File Builder\Components\Default2022\RootWebsiteContent\Web.Config -&gt; D:\DevelopmentNew\DotNet\NibblePoker.Library.Arguments\NibblePoker.Library.Arguments.Documentation\Help\Working\Output\Website\Web.Config
    Last step completed in 00:00:00,0870
</buildStep>
<buildStep step="GenerateFullTextIndex">
Generating full-text index for the website...

    Last step completed in 00:00:00,0960
</buildStep>
<buildStep step="CopyingWebsiteFiles">
Copying website files to output folder...

Copied 230 files for the website content
    Last step completed in 00:00:00,4710
</buildStep>
<buildStep step="CleanIntermediates">
Removing intermediate files...
    Last step completed in 00:00:00,1530
</buildStep>
<buildStep step="Completed">

Build completed successfully at 02/10/2022 15:28:50.  Total time: 00:00:11,7932

</buildStep>
</shfbBuild>
